<?xml version="1.0" encoding="utf-8"?>
<test-run id="2" testcasecount="205" result="Failed(Child)" total="205" passed="72" failed="133" inconclusive="0" skipped="0" asserts="0" engine-version="3.5.0.0" clr-version="4.0.30319.42000" start-time="2025-09-25 13:35:25Z" end-time="2025-09-25 13:35:52Z" duration="26.6669054">
  <test-suite type="TestSuite" id="1228" name="AhBearStudios_Dev2" fullname="AhBearStudios_Dev2" runstate="Runnable" testcasecount="205" result="Failed" site="Child" start-time="2025-09-25 13:35:25Z" end-time="2025-09-25 13:35:52Z" duration="26.666905" total="205" passed="72" failed="133" inconclusive="0" skipped="0" asserts="0">
    <properties>
      <property name="platform" value="EditMode" />
    </properties>
    <failure>
      <message><![CDATA[One or more child tests had errors]]></message>
    </failure>
    <test-suite type="Assembly" id="1214" name="AhBearStudios.Core.Tests.dll" fullname="D:/Unity/AhBearStudios_Dev2/Library/ScriptAssemblies/AhBearStudios.Core.Tests.dll" runstate="Runnable" testcasecount="205" result="Failed" site="Child" start-time="2025-09-25 13:35:25Z" end-time="2025-09-25 13:35:52Z" duration="26.658247" total="205" passed="72" failed="133" inconclusive="0" skipped="0" asserts="0">
      <properties>
        <property name="_PID" value="29712" />
        <property name="_APPDOMAIN" value="Unity Child Domain" />
        <property name="platform" value="EditMode" />
        <property name="EditorOnly" value="True" />
      </properties>
      <failure>
        <message><![CDATA[One or more child tests had errors]]></message>
      </failure>
      <test-suite type="TestSuite" id="1215" name="AhBearStudios" fullname="AhBearStudios" runstate="Runnable" testcasecount="205" result="Failed" site="Child" start-time="2025-09-25 13:35:25Z" end-time="2025-09-25 13:35:52Z" duration="26.656830" total="205" passed="72" failed="133" inconclusive="0" skipped="0" asserts="0">
        <properties />
        <failure>
          <message><![CDATA[One or more child tests had errors]]></message>
        </failure>
        <test-suite type="TestSuite" id="1216" name="Core" fullname="AhBearStudios.Core" runstate="Runnable" testcasecount="205" result="Failed" site="Child" start-time="2025-09-25 13:35:25Z" end-time="2025-09-25 13:35:52Z" duration="26.655947" total="205" passed="72" failed="133" inconclusive="0" skipped="0" asserts="0">
          <properties />
          <failure>
            <message><![CDATA[One or more child tests had errors]]></message>
          </failure>
          <test-suite type="TestSuite" id="1217" name="Tests" fullname="AhBearStudios.Core.Tests" runstate="Runnable" testcasecount="205" result="Failed" site="Child" start-time="2025-09-25 13:35:25Z" end-time="2025-09-25 13:35:52Z" duration="26.652271" total="205" passed="72" failed="133" inconclusive="0" skipped="0" asserts="0">
            <properties />
            <failure>
              <message><![CDATA[One or more child tests had errors]]></message>
            </failure>
            <test-suite type="TestSuite" id="1220" name="Alerting" fullname="AhBearStudios.Core.Tests.Alerting" runstate="Runnable" testcasecount="176" result="Failed" site="Child" start-time="2025-09-25 13:35:25Z" end-time="2025-09-25 13:35:52Z" duration="26.563002" total="176" passed="51" failed="125" inconclusive="0" skipped="0" asserts="0">
              <properties />
              <failure>
                <message><![CDATA[One or more child tests had errors]]></message>
              </failure>
              <test-suite type="TestSuite" id="1222" name="Integration" fullname="AhBearStudios.Core.Tests.Alerting.Integration" runstate="Runnable" testcasecount="21" result="Failed" site="Child" start-time="2025-09-25 13:35:25Z" end-time="2025-09-25 13:35:25Z" duration="0.115482" total="21" passed="1" failed="20" inconclusive="0" skipped="0" asserts="0">
                <properties />
                <failure>
                  <message><![CDATA[One or more child tests had errors]]></message>
                </failure>
                <test-suite type="TestFixture" id="1192" name="AlertIntegrationTests" fullname="AhBearStudios.Core.Tests.Alerting.Integration.AlertIntegrationTests" classname="AhBearStudios.Core.Tests.Alerting.Integration.AlertIntegrationTests" runstate="Runnable" testcasecount="21" result="Failed" site="Child" start-time="2025-09-25 13:35:25Z" end-time="2025-09-25 13:35:25Z" duration="0.113502" total="21" passed="1" failed="20" inconclusive="0" skipped="0" asserts="0">
                  <properties />
                  <failure>
                    <message><![CDATA[One or more child tests had errors]]></message>
                  </failure>
                  <test-case id="1197" name="BulkAcknowledgment_WithManyAlerts_ProcessesEfficiently" fullname="AhBearStudios.Core.Tests.Alerting.Integration.AlertIntegrationTests.BulkAcknowledgment_WithManyAlerts_ProcessesEfficiently" methodname="BulkAcknowledgment_WithManyAlerts_ProcessesEfficiently" classname="AhBearStudios.Core.Tests.Alerting.Integration.AlertIntegrationTests" runstate="Runnable" seed="1762638875" result="Failed" label="Error" start-time="2025-09-25 13:35:25Z" end-time="2025-09-25 13:35:25Z" duration="0.056653" asserts="0">
                    <properties>
                      <property name="retryIteration" value="0" />
                      <property name="repeatIteration" value="0" />
                    </properties>
                    <failure>
                      <message><![CDATA[System.NullReferenceException : Object reference not set to an instance of an object]]></message>
                      <stack-trace><![CDATA[  at NUnit.Framework.Internal.AsyncInvocationRegion+AsyncTaskInvocationRegion.WaitForPendingOperationsToComplete (System.Object invocationResult) [0x00016] in <f577cd9686154d6ab10efd7e65e64366>:0 
  at NUnit.Framework.Internal.Commands.TestMethodCommand.RunAsyncTestMethod (NUnit.Framework.Internal.ITestExecutionContext context) [0x00038] in <f577cd9686154d6ab10efd7e65e64366>:0 ]]></stack-trace>
                    </failure>
                  </test-case>
                  <test-case id="1196" name="BulkAlertOperations_WithManyAlerts_ProcessesEfficiently" fullname="AhBearStudios.Core.Tests.Alerting.Integration.AlertIntegrationTests.BulkAlertOperations_WithManyAlerts_ProcessesEfficiently" methodname="BulkAlertOperations_WithManyAlerts_ProcessesEfficiently" classname="AhBearStudios.Core.Tests.Alerting.Integration.AlertIntegrationTests" runstate="Runnable" seed="672883039" result="Failed" label="Error" start-time="2025-09-25 13:35:25Z" end-time="2025-09-25 13:35:25Z" duration="0.001796" asserts="0">
                    <properties>
                      <property name="retryIteration" value="0" />
                      <property name="repeatIteration" value="0" />
                    </properties>
                    <failure>
                      <message><![CDATA[System.NullReferenceException : Object reference not set to an instance of an object]]></message>
                      <stack-trace><![CDATA[  at NUnit.Framework.Internal.AsyncInvocationRegion+AsyncTaskInvocationRegion.WaitForPendingOperationsToComplete (System.Object invocationResult) [0x00016] in <f577cd9686154d6ab10efd7e65e64366>:0 
  at NUnit.Framework.Internal.Commands.TestMethodCommand.RunAsyncTestMethod (NUnit.Framework.Internal.ITestExecutionContext context) [0x00038] in <f577cd9686154d6ab10efd7e65e64366>:0 ]]></stack-trace>
                    </failure>
                  </test-case>
                  <test-case id="1198" name="BulkResolution_WithManyAlerts_ProcessesEfficiently" fullname="AhBearStudios.Core.Tests.Alerting.Integration.AlertIntegrationTests.BulkResolution_WithManyAlerts_ProcessesEfficiently" methodname="BulkResolution_WithManyAlerts_ProcessesEfficiently" classname="AhBearStudios.Core.Tests.Alerting.Integration.AlertIntegrationTests" runstate="Runnable" seed="83652204" result="Failed" label="Error" start-time="2025-09-25 13:35:25Z" end-time="2025-09-25 13:35:25Z" duration="0.001358" asserts="0">
                    <properties>
                      <property name="retryIteration" value="0" />
                      <property name="repeatIteration" value="0" />
                    </properties>
                    <failure>
                      <message><![CDATA[System.NullReferenceException : Object reference not set to an instance of an object]]></message>
                      <stack-trace><![CDATA[  at NUnit.Framework.Internal.AsyncInvocationRegion+AsyncTaskInvocationRegion.WaitForPendingOperationsToComplete (System.Object invocationResult) [0x00016] in <f577cd9686154d6ab10efd7e65e64366>:0 
  at NUnit.Framework.Internal.Commands.TestMethodCommand.RunAsyncTestMethod (NUnit.Framework.Internal.ITestExecutionContext context) [0x00038] in <f577cd9686154d6ab10efd7e65e64366>:0 ]]></stack-trace>
                    </failure>
                  </test-case>
                  <test-case id="1209" name="ConcurrentOperations_WithMixedOperations_HandlesCorrectly" fullname="AhBearStudios.Core.Tests.Alerting.Integration.AlertIntegrationTests.ConcurrentOperations_WithMixedOperations_HandlesCorrectly" methodname="ConcurrentOperations_WithMixedOperations_HandlesCorrectly" classname="AhBearStudios.Core.Tests.Alerting.Integration.AlertIntegrationTests" runstate="Runnable" seed="193951700" result="Failed" label="Error" start-time="2025-09-25 13:35:25Z" end-time="2025-09-25 13:35:25Z" duration="0.001511" asserts="0">
                    <properties>
                      <property name="retryIteration" value="0" />
                      <property name="repeatIteration" value="0" />
                    </properties>
                    <failure>
                      <message><![CDATA[System.NullReferenceException : Object reference not set to an instance of an object]]></message>
                      <stack-trace><![CDATA[  at NUnit.Framework.Internal.AsyncInvocationRegion+AsyncTaskInvocationRegion.WaitForPendingOperationsToComplete (System.Object invocationResult) [0x00016] in <f577cd9686154d6ab10efd7e65e64366>:0 
  at NUnit.Framework.Internal.Commands.TestMethodCommand.RunAsyncTestMethod (NUnit.Framework.Internal.ITestExecutionContext context) [0x00038] in <f577cd9686154d6ab10efd7e65e64366>:0 ]]></stack-trace>
                    </failure>
                  </test-case>
                  <test-case id="1202" name="ConfigurationHotReload_WithNewConfiguration_UpdatesCorrectly" fullname="AhBearStudios.Core.Tests.Alerting.Integration.AlertIntegrationTests.ConfigurationHotReload_WithNewConfiguration_UpdatesCorrectly" methodname="ConfigurationHotReload_WithNewConfiguration_UpdatesCorrectly" classname="AhBearStudios.Core.Tests.Alerting.Integration.AlertIntegrationTests" runstate="Runnable" seed="1676515823" result="Failed" label="Error" start-time="2025-09-25 13:35:25Z" end-time="2025-09-25 13:35:25Z" duration="0.001198" asserts="0">
                    <properties>
                      <property name="retryIteration" value="0" />
                      <property name="repeatIteration" value="0" />
                    </properties>
                    <failure>
                      <message><![CDATA[System.NullReferenceException : Object reference not set to an instance of an object]]></message>
                      <stack-trace><![CDATA[  at NUnit.Framework.Internal.AsyncInvocationRegion+AsyncTaskInvocationRegion.WaitForPendingOperationsToComplete (System.Object invocationResult) [0x00016] in <f577cd9686154d6ab10efd7e65e64366>:0 
  at NUnit.Framework.Internal.Commands.TestMethodCommand.RunAsyncTestMethod (NUnit.Framework.Internal.ITestExecutionContext context) [0x00038] in <f577cd9686154d6ab10efd7e65e64366>:0 ]]></stack-trace>
                    </failure>
                  </test-case>
                  <test-case id="1203" name="ConfigurationValidation_WithInvalidConfiguration_HandlesGracefully" fullname="AhBearStudios.Core.Tests.Alerting.Integration.AlertIntegrationTests.ConfigurationValidation_WithInvalidConfiguration_HandlesGracefully" methodname="ConfigurationValidation_WithInvalidConfiguration_HandlesGracefully" classname="AhBearStudios.Core.Tests.Alerting.Integration.AlertIntegrationTests" runstate="Runnable" seed="1740751719" result="Failed" label="Error" start-time="2025-09-25 13:35:25Z" end-time="2025-09-25 13:35:25Z" duration="0.003258" asserts="0">
                    <properties>
                      <property name="retryIteration" value="0" />
                      <property name="repeatIteration" value="0" />
                    </properties>
                    <failure>
                      <message><![CDATA[System.NullReferenceException : Object reference not set to an instance of an object]]></message>
                      <stack-trace><![CDATA[  at NUnit.Framework.Internal.AsyncInvocationRegion+AsyncTaskInvocationRegion.WaitForPendingOperationsToComplete (System.Object invocationResult) [0x00016] in <f577cd9686154d6ab10efd7e65e64366>:0 
  at NUnit.Framework.Internal.Commands.TestMethodCommand.RunAsyncTestMethod (NUnit.Framework.Internal.ITestExecutionContext context) [0x00038] in <f577cd9686154d6ab10efd7e65e64366>:0 ]]></stack-trace>
                    </failure>
                  </test-case>
                  <test-case id="1204" name="CorrelationTracking_AcrossEntireAlertLifecycle_MaintainsCorrelation" fullname="AhBearStudios.Core.Tests.Alerting.Integration.AlertIntegrationTests.CorrelationTracking_AcrossEntireAlertLifecycle_MaintainsCorrelation" methodname="CorrelationTracking_AcrossEntireAlertLifecycle_MaintainsCorrelation" classname="AhBearStudios.Core.Tests.Alerting.Integration.AlertIntegrationTests" runstate="Runnable" seed="634234312" result="Failed" start-time="2025-09-25 13:35:25Z" end-time="2025-09-25 13:35:25Z" duration="0.007854" asserts="0">
                    <properties>
                      <property name="retryIteration" value="0" />
                      <property name="repeatIteration" value="0" />
                    </properties>
                    <failure>
                      <message><![CDATA[  Expected: 10f91b89-25aa-581e-a0d1-2feaa6601e2b
  But was:  00000000-0000-0000-0000-000000000000
]]></message>
                      <stack-trace><![CDATA[at AhBearStudios.Core.Tests.Alerting.Integration.AlertIntegrationTests.CorrelationTracking_AcrossEntireAlertLifecycle_MaintainsCorrelation () [0x000b8] in D:\Unity\AhBearStudios_Dev2\Assets\com.ahbearstudios.core.tests\Alerting\Integration\AlertIntegrationTests.cs:568
]]></stack-trace>
                    </failure>
                  </test-case>
                  <test-case id="1205" name="CorrelationTracking_WithRelatedOperations_MaintainsRelationships" fullname="AhBearStudios.Core.Tests.Alerting.Integration.AlertIntegrationTests.CorrelationTracking_WithRelatedOperations_MaintainsRelationships" methodname="CorrelationTracking_WithRelatedOperations_MaintainsRelationships" classname="AhBearStudios.Core.Tests.Alerting.Integration.AlertIntegrationTests" runstate="Runnable" seed="1858802779" result="Failed" start-time="2025-09-25 13:35:25Z" end-time="2025-09-25 13:35:25Z" duration="0.004258" asserts="0">
                    <properties>
                      <property name="retryIteration" value="0" />
                      <property name="repeatIteration" value="0" />
                    </properties>
                    <failure>
                      <message><![CDATA[  Expected: not <empty>
  But was:  <empty>
]]></message>
                      <stack-trace><![CDATA[at AhBearStudios.Core.Tests.Alerting.Integration.AlertIntegrationTests.CorrelationTracking_WithRelatedOperations_MaintainsRelationships () [0x000c5] in D:\Unity\AhBearStudios_Dev2\Assets\com.ahbearstudios.core.tests\Alerting\Integration\AlertIntegrationTests.cs:601
]]></stack-trace>
                    </failure>
                  </test-case>
                  <test-case id="1201" name="DiagnosticsReporting_WithActiveSystem_ProvidesCompleteDiagnostics" fullname="AhBearStudios.Core.Tests.Alerting.Integration.AlertIntegrationTests.DiagnosticsReporting_WithActiveSystem_ProvidesCompleteDiagnostics" methodname="DiagnosticsReporting_WithActiveSystem_ProvidesCompleteDiagnostics" classname="AhBearStudios.Core.Tests.Alerting.Integration.AlertIntegrationTests" runstate="Runnable" seed="671287590" result="Failed" label="Error" start-time="2025-09-25 13:35:25Z" end-time="2025-09-25 13:35:25Z" duration="0.001236" asserts="0">
                    <properties>
                      <property name="retryIteration" value="0" />
                      <property name="repeatIteration" value="0" />
                    </properties>
                    <failure>
                      <message><![CDATA[System.NullReferenceException : Object reference not set to an instance of an object]]></message>
                      <stack-trace><![CDATA[  at Unity.Collections.FixedStringMethods.CopyFromTruncated[T] (T& fs, System.String s) [0x00010] in .\Library\PackageCache\com.unity.collections@d49facba0036\Unity.Collections\FixedStringAppendMethods.cs:417 
  at Unity.Collections.FixedString512Bytes.Initialize (System.String source) [0x00000] in .\Library\PackageCache\com.unity.collections@d49facba0036\Unity.Collections\FixedString.gen.cs:5284 
  at Unity.Collections.FixedString512Bytes..ctor (System.String source) [0x00007] in .\Library\PackageCache\com.unity.collections@d49facba0036\Unity.Collections\FixedString.gen.cs:5272 
  at Unity.Collections.FixedString512Bytes.op_Implicit (System.String b) [0x00000] in .\Library\PackageCache\com.unity.collections@d49facba0036\Unity.Collections\FixedString.gen.cs:5769 
  at AhBearStudios.Core.Alerting.AlertService.GetDiagnostics (System.Guid correlationId) [0x00000] in D:\Unity\AhBearStudios_Dev2\Assets\com.ahbearstudios.core\Alerting\AlertService.cs:1161 
  at AhBearStudios.Core.Tests.Alerting.Integration.AlertIntegrationTests.DiagnosticsReporting_WithActiveSystem_ProvidesCompleteDiagnostics () [0x0003e] in D:\Unity\AhBearStudios_Dev2\Assets\com.ahbearstudios.core.tests\Alerting\Integration\AlertIntegrationTests.cs:477 
  at (wrapper managed-to-native) System.Reflection.RuntimeMethodInfo.InternalInvoke(System.Reflection.RuntimeMethodInfo,object,object[],System.Exception&)
  at System.Reflection.RuntimeMethodInfo.Invoke (System.Object obj, System.Reflection.BindingFlags invokeAttr, System.Reflection.Binder binder, System.Object[] parameters, System.Globalization.CultureInfo culture) [0x0006a] in <59bd7c40c082431db25e1e728ab62789>:0 ]]></stack-trace>
                    </failure>
                  </test-case>
                  <test-case id="1207" name="EmergencyEscalation_WithFailedDelivery_EscalatesCorrectly" fullname="AhBearStudios.Core.Tests.Alerting.Integration.AlertIntegrationTests.EmergencyEscalation_WithFailedDelivery_EscalatesCorrectly" methodname="EmergencyEscalation_WithFailedDelivery_EscalatesCorrectly" classname="AhBearStudios.Core.Tests.Alerting.Integration.AlertIntegrationTests" runstate="Runnable" seed="1117509322" result="Failed" label="Error" start-time="2025-09-25 13:35:25Z" end-time="2025-09-25 13:35:25Z" duration="0.003812" asserts="0">
                    <properties>
                      <property name="retryIteration" value="0" />
                      <property name="repeatIteration" value="0" />
                    </properties>
                    <failure>
                      <message><![CDATA[System.NullReferenceException : Object reference not set to an instance of an object]]></message>
                      <stack-trace><![CDATA[  at NUnit.Framework.Internal.AsyncInvocationRegion+AsyncTaskInvocationRegion.WaitForPendingOperationsToComplete (System.Object invocationResult) [0x00016] in <f577cd9686154d6ab10efd7e65e64366>:0 
  at NUnit.Framework.Internal.Commands.TestMethodCommand.RunAsyncTestMethod (NUnit.Framework.Internal.ITestExecutionContext context) [0x00038] in <f577cd9686154d6ab10efd7e65e64366>:0 ]]></stack-trace>
                    </failure>
                  </test-case>
                  <test-case id="1206" name="EmergencyMode_WhenEnabled_BypassesFiltersAndSuppression" fullname="AhBearStudios.Core.Tests.Alerting.Integration.AlertIntegrationTests.EmergencyMode_WhenEnabled_BypassesFiltersAndSuppression" methodname="EmergencyMode_WhenEnabled_BypassesFiltersAndSuppression" classname="AhBearStudios.Core.Tests.Alerting.Integration.AlertIntegrationTests" runstate="Runnable" seed="1490170260" result="Failed" start-time="2025-09-25 13:35:25Z" end-time="2025-09-25 13:35:25Z" duration="0.003393" asserts="0">
                    <properties>
                      <property name="retryIteration" value="0" />
                      <property name="repeatIteration" value="0" />
                    </properties>
                    <failure>
                      <message><![CDATA[  Expected: True
  But was:  False
]]></message>
                      <stack-trace><![CDATA[at AhBearStudios.Core.Tests.Alerting.Integration.AlertIntegrationTests.EmergencyMode_WhenEnabled_BypassesFiltersAndSuppression () [0x00088] in D:\Unity\AhBearStudios_Dev2\Assets\com.ahbearstudios.core.tests\Alerting\Integration\AlertIntegrationTests.cs:637
]]></stack-trace>
                    </failure>
                  </test-case>
                  <test-case id="1195" name="EndToEndAlertFlow_WithChannelFailure_HandlesGracefully" fullname="AhBearStudios.Core.Tests.Alerting.Integration.AlertIntegrationTests.EndToEndAlertFlow_WithChannelFailure_HandlesGracefully" methodname="EndToEndAlertFlow_WithChannelFailure_HandlesGracefully" classname="AhBearStudios.Core.Tests.Alerting.Integration.AlertIntegrationTests" runstate="Runnable" seed="1019993430" result="Failed" label="Error" start-time="2025-09-25 13:35:25Z" end-time="2025-09-25 13:35:25Z" duration="0.001346" asserts="0">
                    <properties>
                      <property name="retryIteration" value="0" />
                      <property name="repeatIteration" value="0" />
                    </properties>
                    <failure>
                      <message><![CDATA[System.NullReferenceException : Object reference not set to an instance of an object]]></message>
                      <stack-trace><![CDATA[  at NUnit.Framework.Internal.AsyncInvocationRegion+AsyncTaskInvocationRegion.WaitForPendingOperationsToComplete (System.Object invocationResult) [0x00016] in <f577cd9686154d6ab10efd7e65e64366>:0 
  at NUnit.Framework.Internal.Commands.TestMethodCommand.RunAsyncTestMethod (NUnit.Framework.Internal.ITestExecutionContext context) [0x00038] in <f577cd9686154d6ab10efd7e65e64366>:0 ]]></stack-trace>
                    </failure>
                  </test-case>
                  <test-case id="1193" name="EndToEndAlertFlow_WithCompleteWorkflow_WorksCorrectly" fullname="AhBearStudios.Core.Tests.Alerting.Integration.AlertIntegrationTests.EndToEndAlertFlow_WithCompleteWorkflow_WorksCorrectly" methodname="EndToEndAlertFlow_WithCompleteWorkflow_WorksCorrectly" classname="AhBearStudios.Core.Tests.Alerting.Integration.AlertIntegrationTests" runstate="Runnable" seed="74973459" result="Failed" label="Error" start-time="2025-09-25 13:35:25Z" end-time="2025-09-25 13:35:25Z" duration="0.001368" asserts="0">
                    <properties>
                      <property name="retryIteration" value="0" />
                      <property name="repeatIteration" value="0" />
                    </properties>
                    <failure>
                      <message><![CDATA[System.NullReferenceException : Object reference not set to an instance of an object]]></message>
                      <stack-trace><![CDATA[  at NUnit.Framework.Internal.AsyncInvocationRegion+AsyncTaskInvocationRegion.WaitForPendingOperationsToComplete (System.Object invocationResult) [0x00016] in <f577cd9686154d6ab10efd7e65e64366>:0 
  at NUnit.Framework.Internal.Commands.TestMethodCommand.RunAsyncTestMethod (NUnit.Framework.Internal.ITestExecutionContext context) [0x00038] in <f577cd9686154d6ab10efd7e65e64366>:0 ]]></stack-trace>
                    </failure>
                  </test-case>
                  <test-case id="1194" name="EndToEndAlertFlow_WithFilteringSuppression_FiltersCorrectly" fullname="AhBearStudios.Core.Tests.Alerting.Integration.AlertIntegrationTests.EndToEndAlertFlow_WithFilteringSuppression_FiltersCorrectly" methodname="EndToEndAlertFlow_WithFilteringSuppression_FiltersCorrectly" classname="AhBearStudios.Core.Tests.Alerting.Integration.AlertIntegrationTests" runstate="Runnable" seed="1937303043" result="Failed" label="Error" start-time="2025-09-25 13:35:25Z" end-time="2025-09-25 13:35:25Z" duration="0.001326" asserts="0">
                    <properties>
                      <property name="retryIteration" value="0" />
                      <property name="repeatIteration" value="0" />
                    </properties>
                    <failure>
                      <message><![CDATA[System.NullReferenceException : Object reference not set to an instance of an object]]></message>
                      <stack-trace><![CDATA[  at NUnit.Framework.Internal.AsyncInvocationRegion+AsyncTaskInvocationRegion.WaitForPendingOperationsToComplete (System.Object invocationResult) [0x00016] in <f577cd9686154d6ab10efd7e65e64366>:0 
  at NUnit.Framework.Internal.Commands.TestMethodCommand.RunAsyncTestMethod (NUnit.Framework.Internal.ITestExecutionContext context) [0x00038] in <f577cd9686154d6ab10efd7e65e64366>:0 ]]></stack-trace>
                    </failure>
                  </test-case>
                  <test-case id="1199" name="HealthMonitoring_WithCompleteSystem_ReportsCorrectHealth" fullname="AhBearStudios.Core.Tests.Alerting.Integration.AlertIntegrationTests.HealthMonitoring_WithCompleteSystem_ReportsCorrectHealth" methodname="HealthMonitoring_WithCompleteSystem_ReportsCorrectHealth" classname="AhBearStudios.Core.Tests.Alerting.Integration.AlertIntegrationTests" runstate="Runnable" seed="1855716454" result="Failed" label="Error" start-time="2025-09-25 13:35:25Z" end-time="2025-09-25 13:35:25Z" duration="0.001296" asserts="0">
                    <properties>
                      <property name="retryIteration" value="0" />
                      <property name="repeatIteration" value="0" />
                    </properties>
                    <failure>
                      <message><![CDATA[System.NullReferenceException : Object reference not set to an instance of an object]]></message>
                      <stack-trace><![CDATA[  at NUnit.Framework.Internal.AsyncInvocationRegion+AsyncTaskInvocationRegion.WaitForPendingOperationsToComplete (System.Object invocationResult) [0x00016] in <f577cd9686154d6ab10efd7e65e64366>:0 
  at NUnit.Framework.Internal.Commands.TestMethodCommand.RunAsyncTestMethod (NUnit.Framework.Internal.ITestExecutionContext context) [0x00038] in <f577cd9686154d6ab10efd7e65e64366>:0 ]]></stack-trace>
                    </failure>
                  </test-case>
                  <test-case id="1200" name="HealthMonitoring_WithUnhealthyChannel_ReportsCorrectly" fullname="AhBearStudios.Core.Tests.Alerting.Integration.AlertIntegrationTests.HealthMonitoring_WithUnhealthyChannel_ReportsCorrectly" methodname="HealthMonitoring_WithUnhealthyChannel_ReportsCorrectly" classname="AhBearStudios.Core.Tests.Alerting.Integration.AlertIntegrationTests" runstate="Runnable" seed="1480377598" result="Failed" label="Error" start-time="2025-09-25 13:35:25Z" end-time="2025-09-25 13:35:25Z" duration="0.001228" asserts="0">
                    <properties>
                      <property name="retryIteration" value="0" />
                      <property name="repeatIteration" value="0" />
                    </properties>
                    <failure>
                      <message><![CDATA[System.NullReferenceException : Object reference not set to an instance of an object]]></message>
                      <stack-trace><![CDATA[  at NUnit.Framework.Internal.AsyncInvocationRegion+AsyncTaskInvocationRegion.WaitForPendingOperationsToComplete (System.Object invocationResult) [0x00016] in <f577cd9686154d6ab10efd7e65e64366>:0 
  at NUnit.Framework.Internal.Commands.TestMethodCommand.RunAsyncTestMethod (NUnit.Framework.Internal.ITestExecutionContext context) [0x00038] in <f577cd9686154d6ab10efd7e65e64366>:0 ]]></stack-trace>
                    </failure>
                  </test-case>
                  <test-case id="1212" name="MaintenanceOperations_WithOldAlerts_CleansUpCorrectly" fullname="AhBearStudios.Core.Tests.Alerting.Integration.AlertIntegrationTests.MaintenanceOperations_WithOldAlerts_CleansUpCorrectly" methodname="MaintenanceOperations_WithOldAlerts_CleansUpCorrectly" classname="AhBearStudios.Core.Tests.Alerting.Integration.AlertIntegrationTests" runstate="Runnable" seed="1126633289" result="Failed" start-time="2025-09-25 13:35:25Z" end-time="2025-09-25 13:35:25Z" duration="0.001137" asserts="0">
                    <properties>
                      <property name="retryIteration" value="0" />
                      <property name="repeatIteration" value="0" />
                    </properties>
                    <failure>
                      <message><![CDATA[  Expected log message containing 'Maintenance completed:' was not found
  Expected: True
  But was:  False
]]></message>
                      <stack-trace><![CDATA[at AhBearStudios.Core.Tests.Shared.Base.BaseServiceTest.AssertLogContains (System.String expectedMessage) [0x00000] in D:\Unity\AhBearStudios_Dev2\Assets\com.ahbearstudios.core.tests\Shared\Base\BaseServiceTest.cs:122
at AhBearStudios.Core.Tests.Alerting.Integration.AlertIntegrationTests.MaintenanceOperations_WithOldAlerts_CleansUpCorrectly () [0x0007e] in D:\Unity\AhBearStudios_Dev2\Assets\com.ahbearstudios.core.tests\Alerting\Integration\AlertIntegrationTests.cs:841
]]></stack-trace>
                    </failure>
                  </test-case>
                  <test-case id="1210" name="ServiceIntegration_WithAllDependencies_IntegratesCorrectly" fullname="AhBearStudios.Core.Tests.Alerting.Integration.AlertIntegrationTests.ServiceIntegration_WithAllDependencies_IntegratesCorrectly" methodname="ServiceIntegration_WithAllDependencies_IntegratesCorrectly" classname="AhBearStudios.Core.Tests.Alerting.Integration.AlertIntegrationTests" runstate="Runnable" seed="748205464" result="Passed" start-time="2025-09-25 13:35:25Z" end-time="2025-09-25 13:35:25Z" duration="0.003043" asserts="0">
                    <properties>
                      <property name="retryIteration" value="0" />
                      <property name="repeatIteration" value="0" />
                    </properties>
                  </test-case>
                  <test-case id="1211" name="ServiceIntegration_WithFailoverScenarios_HandlesGracefully" fullname="AhBearStudios.Core.Tests.Alerting.Integration.AlertIntegrationTests.ServiceIntegration_WithFailoverScenarios_HandlesGracefully" methodname="ServiceIntegration_WithFailoverScenarios_HandlesGracefully" classname="AhBearStudios.Core.Tests.Alerting.Integration.AlertIntegrationTests" runstate="Runnable" seed="761413383" result="Failed" label="Error" start-time="2025-09-25 13:35:25Z" end-time="2025-09-25 13:35:25Z" duration="0.001198" asserts="0">
                    <properties>
                      <property name="retryIteration" value="0" />
                      <property name="repeatIteration" value="0" />
                    </properties>
                    <failure>
                      <message><![CDATA[System.NullReferenceException : Object reference not set to an instance of an object]]></message>
                      <stack-trace><![CDATA[  at NUnit.Framework.Internal.AsyncInvocationRegion+AsyncTaskInvocationRegion.WaitForPendingOperationsToComplete (System.Object invocationResult) [0x00016] in <f577cd9686154d6ab10efd7e65e64366>:0 
  at NUnit.Framework.Internal.Commands.TestMethodCommand.RunAsyncTestMethod (NUnit.Framework.Internal.ITestExecutionContext context) [0x00038] in <f577cd9686154d6ab10efd7e65e64366>:0 ]]></stack-trace>
                    </failure>
                  </test-case>
                  <test-case id="1213" name="ServiceShutdown_WithActiveAlerts_ShutsDownGracefully" fullname="AhBearStudios.Core.Tests.Alerting.Integration.AlertIntegrationTests.ServiceShutdown_WithActiveAlerts_ShutsDownGracefully" methodname="ServiceShutdown_WithActiveAlerts_ShutsDownGracefully" classname="AhBearStudios.Core.Tests.Alerting.Integration.AlertIntegrationTests" runstate="Runnable" seed="4280806" result="Failed" label="Error" start-time="2025-09-25 13:35:25Z" end-time="2025-09-25 13:35:25Z" duration="0.001109" asserts="0">
                    <properties>
                      <property name="retryIteration" value="0" />
                      <property name="repeatIteration" value="0" />
                    </properties>
                    <failure>
                      <message><![CDATA[System.NullReferenceException : Object reference not set to an instance of an object]]></message>
                      <stack-trace><![CDATA[  at NUnit.Framework.Internal.AsyncInvocationRegion+AsyncTaskInvocationRegion.WaitForPendingOperationsToComplete (System.Object invocationResult) [0x00016] in <f577cd9686154d6ab10efd7e65e64366>:0 
  at NUnit.Framework.Internal.Commands.TestMethodCommand.RunAsyncTestMethod (NUnit.Framework.Internal.ITestExecutionContext context) [0x00038] in <f577cd9686154d6ab10efd7e65e64366>:0 ]]></stack-trace>
                    </failure>
                  </test-case>
                  <test-case id="1208" name="SystemUnderLoad_WithHighThroughput_MaintainsPerformance" fullname="AhBearStudios.Core.Tests.Alerting.Integration.AlertIntegrationTests.SystemUnderLoad_WithHighThroughput_MaintainsPerformance" methodname="SystemUnderLoad_WithHighThroughput_MaintainsPerformance" classname="AhBearStudios.Core.Tests.Alerting.Integration.AlertIntegrationTests" runstate="Runnable" seed="1471135039" result="Failed" label="Error" start-time="2025-09-25 13:35:25Z" end-time="2025-09-25 13:35:25Z" duration="0.001327" asserts="0">
                    <properties>
                      <property name="retryIteration" value="0" />
                      <property name="repeatIteration" value="0" />
                    </properties>
                    <failure>
                      <message><![CDATA[System.NullReferenceException : Object reference not set to an instance of an object]]></message>
                      <stack-trace><![CDATA[  at NUnit.Framework.Internal.AsyncInvocationRegion+AsyncTaskInvocationRegion.WaitForPendingOperationsToComplete (System.Object invocationResult) [0x00016] in <f577cd9686154d6ab10efd7e65e64366>:0 
  at NUnit.Framework.Internal.Commands.TestMethodCommand.RunAsyncTestMethod (NUnit.Framework.Internal.ITestExecutionContext context) [0x00038] in <f577cd9686154d6ab10efd7e65e64366>:0 ]]></stack-trace>
                    </failure>
                  </test-case>
                </test-suite>
              </test-suite>
              <test-suite type="TestSuite" id="1221" name="Unit" fullname="AhBearStudios.Core.Tests.Alerting.Unit" runstate="Runnable" testcasecount="155" result="Failed" site="Child" start-time="2025-09-25 13:35:25Z" end-time="2025-09-25 13:35:52Z" duration="26.446254" total="155" passed="50" failed="105" inconclusive="0" skipped="0" asserts="0">
                <properties />
                <failure>
                  <message><![CDATA[One or more child tests had errors]]></message>
                </failure>
                <test-suite type="TestFixture" id="1032" name="AlertBuilderTests" fullname="AhBearStudios.Core.Tests.Alerting.Unit.AlertBuilderTests" classname="AhBearStudios.Core.Tests.Alerting.Unit.AlertBuilderTests" runstate="Runnable" testcasecount="37" result="Failed" site="Child" start-time="2025-09-25 13:35:28Z" end-time="2025-09-25 13:35:30Z" duration="2.350886" total="37" passed="31" failed="6" inconclusive="0" skipped="0" asserts="0">
                  <properties />
                  <failure>
                    <message><![CDATA[One or more child tests had errors]]></message>
                  </failure>
                  <test-case id="1059" name="AddChannel_CalledMultipleTimes_AddsMultipleChannels" fullname="AhBearStudios.Core.Tests.Alerting.Unit.AlertBuilderTests.AddChannel_CalledMultipleTimes_AddsMultipleChannels" methodname="AddChannel_CalledMultipleTimes_AddsMultipleChannels" classname="AhBearStudios.Core.Tests.Alerting.Unit.AlertBuilderTests" runstate="Runnable" seed="2065886515" result="Passed" start-time="2025-09-25 13:35:28Z" end-time="2025-09-25 13:35:28Z" duration="0.000356" asserts="0">
                    <properties>
                      <property name="retryIteration" value="0" />
                      <property name="repeatIteration" value="0" />
                    </properties>
                  </test-case>
                  <test-case id="1060" name="Build_CalledMultipleTimes_ReturnsConsistentConfiguration" fullname="AhBearStudios.Core.Tests.Alerting.Unit.AlertBuilderTests.Build_CalledMultipleTimes_ReturnsConsistentConfiguration" methodname="Build_CalledMultipleTimes_ReturnsConsistentConfiguration" classname="AhBearStudios.Core.Tests.Alerting.Unit.AlertBuilderTests" runstate="Runnable" seed="1088000416" result="Passed" start-time="2025-09-25 13:35:28Z" end-time="2025-09-25 13:35:28Z" duration="0.000186" asserts="0">
                    <properties>
                      <property name="retryIteration" value="0" />
                      <property name="repeatIteration" value="0" />
                    </properties>
                  </test-case>
                  <test-case id="1055" name="Build_WithoutPresetConfiguration_UsesDefaults" fullname="AhBearStudios.Core.Tests.Alerting.Unit.AlertBuilderTests.Build_WithoutPresetConfiguration_UsesDefaults" methodname="Build_WithoutPresetConfiguration_UsesDefaults" classname="AhBearStudios.Core.Tests.Alerting.Unit.AlertBuilderTests" runstate="Runnable" seed="1546120975" result="Passed" start-time="2025-09-25 13:35:28Z" end-time="2025-09-25 13:35:28Z" duration="0.000680" asserts="0">
                    <properties>
                      <property name="retryIteration" value="0" />
                      <property name="repeatIteration" value="0" />
                    </properties>
                  </test-case>
                  <test-case id="1056" name="Build_WithOverriddenValues_UsesOverrideValues" fullname="AhBearStudios.Core.Tests.Alerting.Unit.AlertBuilderTests.Build_WithOverriddenValues_UsesOverrideValues" methodname="Build_WithOverriddenValues_UsesOverrideValues" classname="AhBearStudios.Core.Tests.Alerting.Unit.AlertBuilderTests" runstate="Runnable" seed="401460719" result="Passed" start-time="2025-09-25 13:35:28Z" end-time="2025-09-25 13:35:28Z" duration="0.000245" asserts="0">
                    <properties>
                      <property name="retryIteration" value="0" />
                      <property name="repeatIteration" value="0" />
                    </properties>
                  </test-case>
                  <test-case id="1050" name="Build_WithValidConfiguration_ReturnsAlertConfig" fullname="AhBearStudios.Core.Tests.Alerting.Unit.AlertBuilderTests.Build_WithValidConfiguration_ReturnsAlertConfig" methodname="Build_WithValidConfiguration_ReturnsAlertConfig" classname="AhBearStudios.Core.Tests.Alerting.Unit.AlertBuilderTests" runstate="Runnable" seed="1286384829" result="Passed" start-time="2025-09-25 13:35:28Z" end-time="2025-09-25 13:35:28Z" duration="0.000217" asserts="0">
                    <properties>
                      <property name="retryIteration" value="0" />
                      <property name="repeatIteration" value="0" />
                    </properties>
                  </test-case>
                  <test-case id="1061" name="BuilderConfigPattern_WithComplexConfiguration_CompletesWithinFrameBudget" fullname="AhBearStudios.Core.Tests.Alerting.Unit.AlertBuilderTests.BuilderConfigPattern_WithComplexConfiguration_CompletesWithinFrameBudget" methodname="BuilderConfigPattern_WithComplexConfiguration_CompletesWithinFrameBudget" classname="AhBearStudios.Core.Tests.Alerting.Unit.AlertBuilderTests" runstate="Runnable" seed="2005557010" result="Failed" label="Error" start-time="2025-09-25 13:35:28Z" end-time="2025-09-25 13:35:28Z" duration="0.465849" asserts="0">
                    <properties>
                      <property name="retryIteration" value="0" />
                      <property name="repeatIteration" value="0" />
                    </properties>
                    <failure>
                      <message><![CDATA[System.NullReferenceException : Object reference not set to an instance of an object]]></message>
                      <stack-trace><![CDATA[  at NUnit.Framework.Internal.AsyncInvocationRegion+AsyncTaskInvocationRegion.WaitForPendingOperationsToComplete (System.Object invocationResult) [0x00016] in <f577cd9686154d6ab10efd7e65e64366>:0 
  at NUnit.Framework.Internal.Commands.TestMethodCommand.RunAsyncTestMethod (NUnit.Framework.Internal.ITestExecutionContext context) [0x00038] in <f577cd9686154d6ab10efd7e65e64366>:0 ]]></stack-trace>
                    </failure>
                  </test-case>
                  <test-case id="1066" name="BuilderErrorHandling_WithInvalidInputs_HandlesGracefully" fullname="AhBearStudios.Core.Tests.Alerting.Unit.AlertBuilderTests.BuilderErrorHandling_WithInvalidInputs_HandlesGracefully" methodname="BuilderErrorHandling_WithInvalidInputs_HandlesGracefully" classname="AhBearStudios.Core.Tests.Alerting.Unit.AlertBuilderTests" runstate="Runnable" seed="786624063" result="Failed" label="Error" start-time="2025-09-25 13:35:28Z" end-time="2025-09-25 13:35:28Z" duration="0.001537" asserts="0">
                    <properties>
                      <property name="retryIteration" value="0" />
                      <property name="repeatIteration" value="0" />
                    </properties>
                    <failure>
                      <message><![CDATA[System.NullReferenceException : Object reference not set to an instance of an object]]></message>
                      <stack-trace><![CDATA[  at NUnit.Framework.Internal.AsyncInvocationRegion+AsyncTaskInvocationRegion.WaitForPendingOperationsToComplete (System.Object invocationResult) [0x00016] in <f577cd9686154d6ab10efd7e65e64366>:0 
  at NUnit.Framework.Internal.Commands.TestMethodCommand.RunAsyncTestMethod (NUnit.Framework.Internal.ITestExecutionContext context) [0x00038] in <f577cd9686154d6ab10efd7e65e64366>:0 ]]></stack-trace>
                    </failure>
                  </test-case>
                  <test-case id="1062" name="BuilderOperations_WithUnityCollections_ProducesAcceptableAllocations" fullname="AhBearStudios.Core.Tests.Alerting.Unit.AlertBuilderTests.BuilderOperations_WithUnityCollections_ProducesAcceptableAllocations" methodname="BuilderOperations_WithUnityCollections_ProducesAcceptableAllocations" classname="AhBearStudios.Core.Tests.Alerting.Unit.AlertBuilderTests" runstate="Runnable" seed="1090315042" result="Failed" label="Error" start-time="2025-09-25 13:35:28Z" end-time="2025-09-25 13:35:29Z" duration="0.914892" asserts="0">
                    <properties>
                      <property name="retryIteration" value="0" />
                      <property name="repeatIteration" value="0" />
                    </properties>
                    <failure>
                      <message><![CDATA[System.NullReferenceException : Object reference not set to an instance of an object]]></message>
                      <stack-trace><![CDATA[  at NUnit.Framework.Internal.AsyncInvocationRegion+AsyncTaskInvocationRegion.WaitForPendingOperationsToComplete (System.Object invocationResult) [0x00016] in <f577cd9686154d6ab10efd7e65e64366>:0 
  at NUnit.Framework.Internal.Commands.TestMethodCommand.RunAsyncTestMethod (NUnit.Framework.Internal.ITestExecutionContext context) [0x00038] in <f577cd9686154d6ab10efd7e65e64366>:0 ]]></stack-trace>
                    </failure>
                  </test-case>
                  <test-case id="1065" name="BuilderServiceInteraction_WithSharedTestDoubles_WorksCorrectly" fullname="AhBearStudios.Core.Tests.Alerting.Unit.AlertBuilderTests.BuilderServiceInteraction_WithSharedTestDoubles_WorksCorrectly" methodname="BuilderServiceInteraction_WithSharedTestDoubles_WorksCorrectly" classname="AhBearStudios.Core.Tests.Alerting.Unit.AlertBuilderTests" runstate="Runnable" seed="599504216" result="Passed" start-time="2025-09-25 13:35:29Z" end-time="2025-09-25 13:35:29Z" duration="0.000822" asserts="0">
                    <properties>
                      <property name="retryIteration" value="0" />
                      <property name="repeatIteration" value="0" />
                    </properties>
                  </test-case>
                  <test-case id="1057" name="BuildServiceConfiguration_WithFullConfiguration_ConfiguresAllSystems" fullname="AhBearStudios.Core.Tests.Alerting.Unit.AlertBuilderTests.BuildServiceConfiguration_WithFullConfiguration_ConfiguresAllSystems" methodname="BuildServiceConfiguration_WithFullConfiguration_ConfiguresAllSystems" classname="AhBearStudios.Core.Tests.Alerting.Unit.AlertBuilderTests" runstate="Runnable" seed="2020735302" result="Passed" start-time="2025-09-25 13:35:29Z" end-time="2025-09-25 13:35:29Z" duration="0.001540" asserts="0">
                    <properties>
                      <property name="retryIteration" value="0" />
                      <property name="repeatIteration" value="0" />
                    </properties>
                  </test-case>
                  <test-case id="1051" name="BuildServiceConfiguration_WithValidConfiguration_ReturnsServiceConfig" fullname="AhBearStudios.Core.Tests.Alerting.Unit.AlertBuilderTests.BuildServiceConfiguration_WithValidConfiguration_ReturnsServiceConfig" methodname="BuildServiceConfiguration_WithValidConfiguration_ReturnsServiceConfig" classname="AhBearStudios.Core.Tests.Alerting.Unit.AlertBuilderTests" runstate="Runnable" seed="1219719812" result="Passed" start-time="2025-09-25 13:35:29Z" end-time="2025-09-25 13:35:29Z" duration="0.000466" asserts="0">
                    <properties>
                      <property name="retryIteration" value="0" />
                      <property name="repeatIteration" value="0" />
                    </properties>
                  </test-case>
                  <test-case id="1063" name="BulkBuilderOperations_With100Configurations_MaintainsPerformance" fullname="AhBearStudios.Core.Tests.Alerting.Unit.AlertBuilderTests.BulkBuilderOperations_With100Configurations_MaintainsPerformance" methodname="BulkBuilderOperations_With100Configurations_MaintainsPerformance" classname="AhBearStudios.Core.Tests.Alerting.Unit.AlertBuilderTests" runstate="Runnable" seed="1517720837" result="Failed" label="Error" start-time="2025-09-25 13:35:29Z" end-time="2025-09-25 13:35:29Z" duration="0.469317" asserts="0">
                    <properties>
                      <property name="retryIteration" value="0" />
                      <property name="repeatIteration" value="0" />
                    </properties>
                    <failure>
                      <message><![CDATA[System.NullReferenceException : Object reference not set to an instance of an object]]></message>
                      <stack-trace><![CDATA[  at NUnit.Framework.Internal.AsyncInvocationRegion+AsyncTaskInvocationRegion.WaitForPendingOperationsToComplete (System.Object invocationResult) [0x00016] in <f577cd9686154d6ab10efd7e65e64366>:0 
  at NUnit.Framework.Internal.Commands.TestMethodCommand.RunAsyncTestMethod (NUnit.Framework.Internal.ITestExecutionContext context) [0x00038] in <f577cd9686154d6ab10efd7e65e64366>:0 ]]></stack-trace>
                    </failure>
                  </test-case>
                  <test-case id="1069" name="Clone_WithComplexConfiguration_CreatesIndependentCopy" fullname="AhBearStudios.Core.Tests.Alerting.Unit.AlertBuilderTests.Clone_WithComplexConfiguration_CreatesIndependentCopy" methodname="Clone_WithComplexConfiguration_CreatesIndependentCopy" classname="AhBearStudios.Core.Tests.Alerting.Unit.AlertBuilderTests" runstate="Runnable" seed="1050452751" result="Passed" start-time="2025-09-25 13:35:29Z" end-time="2025-09-25 13:35:29Z" duration="0.000842" asserts="0">
                    <properties>
                      <property name="retryIteration" value="0" />
                      <property name="repeatIteration" value="0" />
                    </properties>
                  </test-case>
                  <test-case id="1034" name="Constructor_WithDefaultSettings_CompletesWithinFrameBudget" fullname="AhBearStudios.Core.Tests.Alerting.Unit.AlertBuilderTests.Constructor_WithDefaultSettings_CompletesWithinFrameBudget" methodname="Constructor_WithDefaultSettings_CompletesWithinFrameBudget" classname="AhBearStudios.Core.Tests.Alerting.Unit.AlertBuilderTests" runstate="Runnable" seed="8111793" result="Failed" label="Error" start-time="2025-09-25 13:35:29Z" end-time="2025-09-25 13:35:30Z" duration="0.468332" asserts="0">
                    <properties>
                      <property name="retryIteration" value="0" />
                      <property name="repeatIteration" value="0" />
                    </properties>
                    <failure>
                      <message><![CDATA[System.NullReferenceException : Object reference not set to an instance of an object]]></message>
                      <stack-trace><![CDATA[  at NUnit.Framework.Internal.AsyncInvocationRegion+AsyncTaskInvocationRegion.WaitForPendingOperationsToComplete (System.Object invocationResult) [0x00016] in <f577cd9686154d6ab10efd7e65e64366>:0 
  at NUnit.Framework.Internal.Commands.TestMethodCommand.RunAsyncTestMethod (NUnit.Framework.Internal.ITestExecutionContext context) [0x00038] in <f577cd9686154d6ab10efd7e65e64366>:0 ]]></stack-trace>
                    </failure>
                  </test-case>
                  <test-case id="1033" name="Constructor_WithValidParameters_InitializesCorrectly" fullname="AhBearStudios.Core.Tests.Alerting.Unit.AlertBuilderTests.Constructor_WithValidParameters_InitializesCorrectly" methodname="Constructor_WithValidParameters_InitializesCorrectly" classname="AhBearStudios.Core.Tests.Alerting.Unit.AlertBuilderTests" runstate="Runnable" seed="899012426" result="Passed" start-time="2025-09-25 13:35:30Z" end-time="2025-09-25 13:35:30Z" duration="0.000361" asserts="0">
                    <properties>
                      <property name="retryIteration" value="0" />
                      <property name="repeatIteration" value="0" />
                    </properties>
                  </test-case>
                  <test-case id="1064" name="CorrelationTracking_ThroughBuilderWorkflow_MaintainsCorrelation" fullname="AhBearStudios.Core.Tests.Alerting.Unit.AlertBuilderTests.CorrelationTracking_ThroughBuilderWorkflow_MaintainsCorrelation" methodname="CorrelationTracking_ThroughBuilderWorkflow_MaintainsCorrelation" classname="AhBearStudios.Core.Tests.Alerting.Unit.AlertBuilderTests" runstate="Runnable" seed="1407682887" result="Passed" start-time="2025-09-25 13:35:30Z" end-time="2025-09-25 13:35:30Z" duration="0.002576" asserts="0">
                    <properties>
                      <property name="retryIteration" value="0" />
                      <property name="repeatIteration" value="0" />
                    </properties>
                  </test-case>
                  <test-case id="1053" name="FluentChain_WithDevelopmentPreset_ConfiguresCorrectly" fullname="AhBearStudios.Core.Tests.Alerting.Unit.AlertBuilderTests.FluentChain_WithDevelopmentPreset_ConfiguresCorrectly" methodname="FluentChain_WithDevelopmentPreset_ConfiguresCorrectly" classname="AhBearStudios.Core.Tests.Alerting.Unit.AlertBuilderTests" runstate="Runnable" seed="57826511" result="Passed" start-time="2025-09-25 13:35:30Z" end-time="2025-09-25 13:35:30Z" duration="0.000629" asserts="0">
                    <properties>
                      <property name="retryIteration" value="0" />
                      <property name="repeatIteration" value="0" />
                    </properties>
                  </test-case>
                  <test-case id="1052" name="FluentChain_WithMultipleOperations_BuildsCorrectConfiguration" fullname="AhBearStudios.Core.Tests.Alerting.Unit.AlertBuilderTests.FluentChain_WithMultipleOperations_BuildsCorrectConfiguration" methodname="FluentChain_WithMultipleOperations_BuildsCorrectConfiguration" classname="AhBearStudios.Core.Tests.Alerting.Unit.AlertBuilderTests" runstate="Runnable" seed="1451475896" result="Passed" start-time="2025-09-25 13:35:30Z" end-time="2025-09-25 13:35:30Z" duration="0.000592" asserts="0">
                    <properties>
                      <property name="retryIteration" value="0" />
                      <property name="repeatIteration" value="0" />
                    </properties>
                  </test-case>
                  <test-case id="1054" name="FluentChain_WithTestingPreset_ConfiguresCorrectly" fullname="AhBearStudios.Core.Tests.Alerting.Unit.AlertBuilderTests.FluentChain_WithTestingPreset_ConfiguresCorrectly" methodname="FluentChain_WithTestingPreset_ConfiguresCorrectly" classname="AhBearStudios.Core.Tests.Alerting.Unit.AlertBuilderTests" runstate="Runnable" seed="1697508081" result="Passed" start-time="2025-09-25 13:35:30Z" end-time="2025-09-25 13:35:30Z" duration="0.000413" asserts="0">
                    <properties>
                      <property name="retryIteration" value="0" />
                      <property name="repeatIteration" value="0" />
                    </properties>
                  </test-case>
                  <test-case id="1036" name="ForDevelopment_WhenCalled_ConfiguresDevelopmentSettings" fullname="AhBearStudios.Core.Tests.Alerting.Unit.AlertBuilderTests.ForDevelopment_WhenCalled_ConfiguresDevelopmentSettings" methodname="ForDevelopment_WhenCalled_ConfiguresDevelopmentSettings" classname="AhBearStudios.Core.Tests.Alerting.Unit.AlertBuilderTests" runstate="Runnable" seed="111447925" result="Passed" start-time="2025-09-25 13:35:30Z" end-time="2025-09-25 13:35:30Z" duration="0.000470" asserts="0">
                    <properties>
                      <property name="retryIteration" value="0" />
                      <property name="repeatIteration" value="0" />
                    </properties>
                  </test-case>
                  <test-case id="1035" name="ForProduction_WhenCalled_ConfiguresProductionSettings" fullname="AhBearStudios.Core.Tests.Alerting.Unit.AlertBuilderTests.ForProduction_WhenCalled_ConfiguresProductionSettings" methodname="ForProduction_WhenCalled_ConfiguresProductionSettings" classname="AhBearStudios.Core.Tests.Alerting.Unit.AlertBuilderTests" runstate="Runnable" seed="260809509" result="Passed" start-time="2025-09-25 13:35:30Z" end-time="2025-09-25 13:35:30Z" duration="0.000338" asserts="0">
                    <properties>
                      <property name="retryIteration" value="0" />
                      <property name="repeatIteration" value="0" />
                    </properties>
                  </test-case>
                  <test-case id="1037" name="ForTesting_WhenCalled_ConfiguresTestingSettings" fullname="AhBearStudios.Core.Tests.Alerting.Unit.AlertBuilderTests.ForTesting_WhenCalled_ConfiguresTestingSettings" methodname="ForTesting_WhenCalled_ConfiguresTestingSettings" classname="AhBearStudios.Core.Tests.Alerting.Unit.AlertBuilderTests" runstate="Runnable" seed="500034473" result="Passed" start-time="2025-09-25 13:35:30Z" end-time="2025-09-25 13:35:30Z" duration="0.000224" asserts="0">
                    <properties>
                      <property name="retryIteration" value="0" />
                      <property name="repeatIteration" value="0" />
                    </properties>
                  </test-case>
                  <test-case id="1068" name="Reset_AfterComplexConfiguration_RestoresToDefaults" fullname="AhBearStudios.Core.Tests.Alerting.Unit.AlertBuilderTests.Reset_AfterComplexConfiguration_RestoresToDefaults" methodname="Reset_AfterComplexConfiguration_RestoresToDefaults" classname="AhBearStudios.Core.Tests.Alerting.Unit.AlertBuilderTests" runstate="Runnable" seed="809053054" result="Failed" start-time="2025-09-25 13:35:30Z" end-time="2025-09-25 13:35:30Z" duration="0.000541" asserts="0">
                    <properties>
                      <property name="retryIteration" value="0" />
                      <property name="repeatIteration" value="0" />
                    </properties>
                    <failure>
                      <message><![CDATA[  Expected: not equal to 10000
  But was:  10000
]]></message>
                      <stack-trace><![CDATA[at AhBearStudios.Core.Tests.Alerting.Unit.AlertBuilderTests.Reset_AfterComplexConfiguration_RestoresToDefaults () [0x000be] in D:\Unity\AhBearStudios_Dev2\Assets\com.ahbearstudios.core.tests\Alerting\Unit\AlertBuilderTests.cs:1056
]]></stack-trace>
                    </failure>
                  </test-case>
                  <test-case id="1067" name="Validate_WithIncompleteConfiguration_ReturnsValidationErrors" fullname="AhBearStudios.Core.Tests.Alerting.Unit.AlertBuilderTests.Validate_WithIncompleteConfiguration_ReturnsValidationErrors" methodname="Validate_WithIncompleteConfiguration_ReturnsValidationErrors" classname="AhBearStudios.Core.Tests.Alerting.Unit.AlertBuilderTests" runstate="Runnable" seed="1647176161" result="Passed" start-time="2025-09-25 13:35:30Z" end-time="2025-09-25 13:35:30Z" duration="0.000235" asserts="0">
                    <properties>
                      <property name="retryIteration" value="0" />
                      <property name="repeatIteration" value="0" />
                    </properties>
                  </test-case>
                  <test-case id="1046" name="WithConsoleChannel_WithValidName_AddsChannel" fullname="AhBearStudios.Core.Tests.Alerting.Unit.AlertBuilderTests.WithConsoleChannel_WithValidName_AddsChannel" methodname="WithConsoleChannel_WithValidName_AddsChannel" classname="AhBearStudios.Core.Tests.Alerting.Unit.AlertBuilderTests" runstate="Runnable" seed="1424020742" result="Passed" start-time="2025-09-25 13:35:30Z" end-time="2025-09-25 13:35:30Z" duration="0.000400" asserts="0">
                    <properties>
                      <property name="retryIteration" value="0" />
                      <property name="repeatIteration" value="0" />
                    </properties>
                  </test-case>
                  <test-case id="1040" name="WithHistoryLimit_WithNegativeSize_ThrowsArgumentException" fullname="AhBearStudios.Core.Tests.Alerting.Unit.AlertBuilderTests.WithHistoryLimit_WithNegativeSize_ThrowsArgumentException" methodname="WithHistoryLimit_WithNegativeSize_ThrowsArgumentException" classname="AhBearStudios.Core.Tests.Alerting.Unit.AlertBuilderTests" runstate="Runnable" seed="448317574" result="Passed" start-time="2025-09-25 13:35:30Z" end-time="2025-09-25 13:35:30Z" duration="0.001185" asserts="0">
                    <properties>
                      <property name="retryIteration" value="0" />
                      <property name="repeatIteration" value="0" />
                    </properties>
                  </test-case>
                  <test-case id="1039" name="WithHistoryLimit_WithValidSize_SetsHistoryLimit" fullname="AhBearStudios.Core.Tests.Alerting.Unit.AlertBuilderTests.WithHistoryLimit_WithValidSize_SetsHistoryLimit" methodname="WithHistoryLimit_WithValidSize_SetsHistoryLimit" classname="AhBearStudios.Core.Tests.Alerting.Unit.AlertBuilderTests" runstate="Runnable" seed="481633515" result="Passed" start-time="2025-09-25 13:35:30Z" end-time="2025-09-25 13:35:30Z" duration="0.000169" asserts="0">
                    <properties>
                      <property name="retryIteration" value="0" />
                      <property name="repeatIteration" value="0" />
                    </properties>
                  </test-case>
                  <test-case id="1049" name="WithLogChannel_WithValidName_AddsChannel" fullname="AhBearStudios.Core.Tests.Alerting.Unit.AlertBuilderTests.WithLogChannel_WithValidName_AddsChannel" methodname="WithLogChannel_WithValidName_AddsChannel" classname="AhBearStudios.Core.Tests.Alerting.Unit.AlertBuilderTests" runstate="Runnable" seed="1930139331" result="Passed" start-time="2025-09-25 13:35:30Z" end-time="2025-09-25 13:35:30Z" duration="0.000247" asserts="0">
                    <properties>
                      <property name="retryIteration" value="0" />
                      <property name="repeatIteration" value="0" />
                    </properties>
                  </test-case>
                  <test-case id="1038" name="WithMinimumSeverity_WithValidSeverity_SetsMinimumSeverity" fullname="AhBearStudios.Core.Tests.Alerting.Unit.AlertBuilderTests.WithMinimumSeverity_WithValidSeverity_SetsMinimumSeverity" methodname="WithMinimumSeverity_WithValidSeverity_SetsMinimumSeverity" classname="AhBearStudios.Core.Tests.Alerting.Unit.AlertBuilderTests" runstate="Runnable" seed="1709633288" result="Passed" start-time="2025-09-25 13:35:30Z" end-time="2025-09-25 13:35:30Z" duration="0.000170" asserts="0">
                    <properties>
                      <property name="retryIteration" value="0" />
                      <property name="repeatIteration" value="0" />
                    </properties>
                  </test-case>
                  <test-case id="1048" name="WithNetworkChannel_WithEmptyEndpoint_ThrowsArgumentException" fullname="AhBearStudios.Core.Tests.Alerting.Unit.AlertBuilderTests.WithNetworkChannel_WithEmptyEndpoint_ThrowsArgumentException" methodname="WithNetworkChannel_WithEmptyEndpoint_ThrowsArgumentException" classname="AhBearStudios.Core.Tests.Alerting.Unit.AlertBuilderTests" runstate="Runnable" seed="1915252734" result="Passed" start-time="2025-09-25 13:35:30Z" end-time="2025-09-25 13:35:30Z" duration="0.000447" asserts="0">
                    <properties>
                      <property name="retryIteration" value="0" />
                      <property name="repeatIteration" value="0" />
                    </properties>
                  </test-case>
                  <test-case id="1047" name="WithNetworkChannel_WithValidParameters_AddsChannel" fullname="AhBearStudios.Core.Tests.Alerting.Unit.AlertBuilderTests.WithNetworkChannel_WithValidParameters_AddsChannel" methodname="WithNetworkChannel_WithValidParameters_AddsChannel" classname="AhBearStudios.Core.Tests.Alerting.Unit.AlertBuilderTests" runstate="Runnable" seed="222558875" result="Passed" start-time="2025-09-25 13:35:30Z" end-time="2025-09-25 13:35:30Z" duration="0.000349" asserts="0">
                    <properties>
                      <property name="retryIteration" value="0" />
                      <property name="repeatIteration" value="0" />
                    </properties>
                  </test-case>
                  <test-case id="1044" name="WithRateLimitFilter_WithValidParameters_AddsFilter" fullname="AhBearStudios.Core.Tests.Alerting.Unit.AlertBuilderTests.WithRateLimitFilter_WithValidParameters_AddsFilter" methodname="WithRateLimitFilter_WithValidParameters_AddsFilter" classname="AhBearStudios.Core.Tests.Alerting.Unit.AlertBuilderTests" runstate="Runnable" seed="860865768" result="Passed" start-time="2025-09-25 13:35:30Z" end-time="2025-09-25 13:35:30Z" duration="0.000330" asserts="0">
                    <properties>
                      <property name="retryIteration" value="0" />
                      <property name="repeatIteration" value="0" />
                    </properties>
                  </test-case>
                  <test-case id="1045" name="WithRateLimitFilter_WithZeroRate_ThrowsArgumentOutOfRangeException" fullname="AhBearStudios.Core.Tests.Alerting.Unit.AlertBuilderTests.WithRateLimitFilter_WithZeroRate_ThrowsArgumentOutOfRangeException" methodname="WithRateLimitFilter_WithZeroRate_ThrowsArgumentOutOfRangeException" classname="AhBearStudios.Core.Tests.Alerting.Unit.AlertBuilderTests" runstate="Runnable" seed="1589257699" result="Passed" start-time="2025-09-25 13:35:30Z" end-time="2025-09-25 13:35:30Z" duration="0.000320" asserts="0">
                    <properties>
                      <property name="retryIteration" value="0" />
                      <property name="repeatIteration" value="0" />
                    </properties>
                  </test-case>
                  <test-case id="1058" name="WithSeverityFilter_CalledMultipleTimes_AddsMultipleFilters" fullname="AhBearStudios.Core.Tests.Alerting.Unit.AlertBuilderTests.WithSeverityFilter_CalledMultipleTimes_AddsMultipleFilters" methodname="WithSeverityFilter_CalledMultipleTimes_AddsMultipleFilters" classname="AhBearStudios.Core.Tests.Alerting.Unit.AlertBuilderTests" runstate="Runnable" seed="1323753415" result="Passed" start-time="2025-09-25 13:35:30Z" end-time="2025-09-25 13:35:30Z" duration="0.000206" asserts="0">
                    <properties>
                      <property name="retryIteration" value="0" />
                      <property name="repeatIteration" value="0" />
                    </properties>
                  </test-case>
                  <test-case id="1042" name="WithSeverityFilter_WithEmptyName_ThrowsArgumentException" fullname="AhBearStudios.Core.Tests.Alerting.Unit.AlertBuilderTests.WithSeverityFilter_WithEmptyName_ThrowsArgumentException" methodname="WithSeverityFilter_WithEmptyName_ThrowsArgumentException" classname="AhBearStudios.Core.Tests.Alerting.Unit.AlertBuilderTests" runstate="Runnable" seed="638604299" result="Passed" start-time="2025-09-25 13:35:30Z" end-time="2025-09-25 13:35:30Z" duration="0.000176" asserts="0">
                    <properties>
                      <property name="retryIteration" value="0" />
                      <property name="repeatIteration" value="0" />
                    </properties>
                  </test-case>
                  <test-case id="1041" name="WithSeverityFilter_WithValidSeverity_AddsFilter" fullname="AhBearStudios.Core.Tests.Alerting.Unit.AlertBuilderTests.WithSeverityFilter_WithValidSeverity_AddsFilter" methodname="WithSeverityFilter_WithValidSeverity_AddsFilter" classname="AhBearStudios.Core.Tests.Alerting.Unit.AlertBuilderTests" runstate="Runnable" seed="278094930" result="Passed" start-time="2025-09-25 13:35:30Z" end-time="2025-09-25 13:35:30Z" duration="0.000330" asserts="0">
                    <properties>
                      <property name="retryIteration" value="0" />
                      <property name="repeatIteration" value="0" />
                    </properties>
                  </test-case>
                  <test-case id="1043" name="WithSourceFilter_WithValidSource_AddsFilter" fullname="AhBearStudios.Core.Tests.Alerting.Unit.AlertBuilderTests.WithSourceFilter_WithValidSource_AddsFilter" methodname="WithSourceFilter_WithValidSource_AddsFilter" classname="AhBearStudios.Core.Tests.Alerting.Unit.AlertBuilderTests" runstate="Runnable" seed="483568175" result="Passed" start-time="2025-09-25 13:35:30Z" end-time="2025-09-25 13:35:30Z" duration="0.000292" asserts="0">
                    <properties>
                      <property name="retryIteration" value="0" />
                      <property name="repeatIteration" value="0" />
                    </properties>
                  </test-case>
                </test-suite>
                <test-suite type="TestFixture" id="1070" name="AlertChannelTests" fullname="AhBearStudios.Core.Tests.Alerting.Unit.AlertChannelTests" classname="AhBearStudios.Core.Tests.Alerting.Unit.AlertChannelTests" runstate="Runnable" testcasecount="39" result="Failed" site="Child" start-time="2025-09-25 13:35:30Z" end-time="2025-09-25 13:35:30Z" duration="0.497445" total="39" passed="7" failed="32" inconclusive="0" skipped="0" asserts="0">
                  <properties />
                  <failure>
                    <message><![CDATA[One or more child tests had errors]]></message>
                  </failure>
                  <test-case id="1101" name="AlertChannel_SendAlertAsync_WithNullAlert_DoesNotThrow" fullname="AhBearStudios.Core.Tests.Alerting.Unit.AlertChannelTests.AlertChannel_SendAlertAsync_WithNullAlert_DoesNotThrow" methodname="AlertChannel_SendAlertAsync_WithNullAlert_DoesNotThrow" classname="AhBearStudios.Core.Tests.Alerting.Unit.AlertChannelTests" runstate="Runnable" seed="1586650922" result="Failed" label="Error" start-time="2025-09-25 13:35:30Z" end-time="2025-09-25 13:35:30Z" duration="0.000788" asserts="0">
                    <properties>
                      <property name="retryIteration" value="0" />
                      <property name="repeatIteration" value="0" />
                    </properties>
                    <failure>
                      <message><![CDATA[System.NullReferenceException : Object reference not set to an instance of an object]]></message>
                      <stack-trace><![CDATA[  at NUnit.Framework.Internal.AsyncInvocationRegion+AsyncTaskInvocationRegion.WaitForPendingOperationsToComplete (System.Object invocationResult) [0x00016] in <f577cd9686154d6ab10efd7e65e64366>:0 
  at NUnit.Framework.Internal.Commands.TestMethodCommand.RunAsyncTestMethod (NUnit.Framework.Internal.ITestExecutionContext context) [0x00038] in <f577cd9686154d6ab10efd7e65e64366>:0 ]]></stack-trace>
                    </failure>
                  </test-case>
                  <test-case id="1108" name="AlertChannelService_RapidRegisterUnregister_MaintainsConsistency" fullname="AhBearStudios.Core.Tests.Alerting.Unit.AlertChannelTests.AlertChannelService_RapidRegisterUnregister_MaintainsConsistency" methodname="AlertChannelService_RapidRegisterUnregister_MaintainsConsistency" classname="AhBearStudios.Core.Tests.Alerting.Unit.AlertChannelTests" runstate="Runnable" seed="1971444746" result="Failed" label="Error" start-time="2025-09-25 13:35:30Z" end-time="2025-09-25 13:35:30Z" duration="0.000889" asserts="0">
                    <properties>
                      <property name="retryIteration" value="0" />
                      <property name="repeatIteration" value="0" />
                    </properties>
                    <failure>
                      <message><![CDATA[System.NullReferenceException : Object reference not set to an instance of an object]]></message>
                      <stack-trace><![CDATA[  at NUnit.Framework.Internal.AsyncInvocationRegion+AsyncTaskInvocationRegion.WaitForPendingOperationsToComplete (System.Object invocationResult) [0x00016] in <f577cd9686154d6ab10efd7e65e64366>:0 
  at NUnit.Framework.Internal.Commands.TestMethodCommand.RunAsyncTestMethod (NUnit.Framework.Internal.ITestExecutionContext context) [0x00038] in <f577cd9686154d6ab10efd7e65e64366>:0 ]]></stack-trace>
                    </failure>
                  </test-case>
                  <test-case id="1105" name="AlertChannelService_WithAllChannelsDisabled_HandlesGracefully" fullname="AhBearStudios.Core.Tests.Alerting.Unit.AlertChannelTests.AlertChannelService_WithAllChannelsDisabled_HandlesGracefully" methodname="AlertChannelService_WithAllChannelsDisabled_HandlesGracefully" classname="AhBearStudios.Core.Tests.Alerting.Unit.AlertChannelTests" runstate="Runnable" seed="2087830724" result="Failed" label="Error" start-time="2025-09-25 13:35:30Z" end-time="2025-09-25 13:35:30Z" duration="0.000807" asserts="0">
                    <properties>
                      <property name="retryIteration" value="0" />
                      <property name="repeatIteration" value="0" />
                    </properties>
                    <failure>
                      <message><![CDATA[System.NullReferenceException : Object reference not set to an instance of an object]]></message>
                      <stack-trace><![CDATA[  at NUnit.Framework.Internal.AsyncInvocationRegion+AsyncTaskInvocationRegion.WaitForPendingOperationsToComplete (System.Object invocationResult) [0x00016] in <f577cd9686154d6ab10efd7e65e64366>:0 
  at NUnit.Framework.Internal.Commands.TestMethodCommand.RunAsyncTestMethod (NUnit.Framework.Internal.ITestExecutionContext context) [0x00038] in <f577cd9686154d6ab10efd7e65e64366>:0 ]]></stack-trace>
                    </failure>
                  </test-case>
                  <test-case id="1090" name="Clear_WithStoredAlerts_RemovesAllStoredAlerts" fullname="AhBearStudios.Core.Tests.Alerting.Unit.AlertChannelTests.Clear_WithStoredAlerts_RemovesAllStoredAlerts" methodname="Clear_WithStoredAlerts_RemovesAllStoredAlerts" classname="AhBearStudios.Core.Tests.Alerting.Unit.AlertChannelTests" runstate="Runnable" seed="966186480" result="Passed" start-time="2025-09-25 13:35:30Z" end-time="2025-09-25 13:35:30Z" duration="0.001864" asserts="0">
                    <properties>
                      <property name="retryIteration" value="0" />
                      <property name="repeatIteration" value="0" />
                    </properties>
                  </test-case>
                  <test-case id="1072" name="Constructor_WithEmptyName_ThrowsArgumentException" fullname="AhBearStudios.Core.Tests.Alerting.Unit.AlertChannelTests.Constructor_WithEmptyName_ThrowsArgumentException" methodname="Constructor_WithEmptyName_ThrowsArgumentException" classname="AhBearStudios.Core.Tests.Alerting.Unit.AlertChannelTests" runstate="Runnable" seed="583029395" result="Failed" start-time="2025-09-25 13:35:30Z" end-time="2025-09-25 13:35:30Z" duration="0.000940" asserts="0">
                    <properties>
                      <property name="retryIteration" value="0" />
                      <property name="repeatIteration" value="0" />
                    </properties>
                    <failure>
                      <message><![CDATA[  Expected: <System.ArgumentException>
  But was:  <System.ArgumentNullException: Value cannot be null.
Parameter name: messageBusService
  at AhBearStudios.Core.Alerting.Channels.BaseAlertChannel..ctor (AhBearStudios.Core.Messaging.IMessageBusService messageBusService) [0x00089] in D:\Unity\AhBearStudios_Dev2\Assets\com.ahbearstudios.core\Alerting\Channels\BaseAlertChannel.cs:80 
  at AhBearStudios.Core.Tests.Shared.Channels.TestAlertChannel..ctor (System.String name, AhBearStudios.Core.Messaging.IMessageBusService messageBusService, AhBearStudios.Core.Tests.Shared.TestDoubles.Stubs.StubLoggingService stubLogging, AhBearStudios.Core.Tests.Shared.Utilities.AllocationTracker allocationTracker, AhBearStudios.Core.Tests.Shared.Utilities.PerformanceTestHelper performanceHelper) [0x00054] in D:\Unity\AhBearStudios_Dev2\Assets\com.ahbearstudios.core.tests\Shared\Channels\TestAlertChannel.cs:160 
  at AhBearStudios.Core.Tests.Alerting.Unit.AlertChannelTests+<>c.<Constructor_WithEmptyName_ThrowsArgumentException>b__4_0 () [0x00000] in D:\Unity\AhBearStudios_Dev2\Assets\com.ahbearstudios.core.tests\Alerting\Unit\AlertChannelTests.cs:79 
  at NUnit.Framework.Assert.Throws (NUnit.Framework.Constraints.IResolveConstraint expression, NUnit.Framework.TestDelegate code, System.String message, System.Object[] args) [0x0002f] in <f577cd9686154d6ab10efd7e65e64366>:0 >
]]></message>
                      <stack-trace><![CDATA[at AhBearStudios.Core.Tests.Alerting.Unit.AlertChannelTests.Constructor_WithEmptyName_ThrowsArgumentException () [0x00008] in D:\Unity\AhBearStudios_Dev2\Assets\com.ahbearstudios.core.tests\Alerting\Unit\AlertChannelTests.cs:79
]]></stack-trace>
                    </failure>
                  </test-case>
                  <test-case id="1092" name="Constructor_WithNullLoggingService_ThrowsArgumentNullException" fullname="AhBearStudios.Core.Tests.Alerting.Unit.AlertChannelTests.Constructor_WithNullLoggingService_ThrowsArgumentNullException" methodname="Constructor_WithNullLoggingService_ThrowsArgumentNullException" classname="AhBearStudios.Core.Tests.Alerting.Unit.AlertChannelTests" runstate="Runnable" seed="151195786" result="Passed" start-time="2025-09-25 13:35:30Z" end-time="2025-09-25 13:35:30Z" duration="0.000525" asserts="0">
                    <properties>
                      <property name="retryIteration" value="0" />
                      <property name="repeatIteration" value="0" />
                    </properties>
                  </test-case>
                  <test-case id="1085" name="Constructor_WithNullMessageBus_ThrowsArgumentNullException" fullname="AhBearStudios.Core.Tests.Alerting.Unit.AlertChannelTests.Constructor_WithNullMessageBus_ThrowsArgumentNullException" methodname="Constructor_WithNullMessageBus_ThrowsArgumentNullException" classname="AhBearStudios.Core.Tests.Alerting.Unit.AlertChannelTests" runstate="Runnable" seed="1750746650" result="Passed" start-time="2025-09-25 13:35:30Z" end-time="2025-09-25 13:35:30Z" duration="0.000416" asserts="0">
                    <properties>
                      <property name="retryIteration" value="0" />
                      <property name="repeatIteration" value="0" />
                    </properties>
                  </test-case>
                  <test-case id="1094" name="Constructor_WithValidConfiguration_InitializesCorrectly" fullname="AhBearStudios.Core.Tests.Alerting.Unit.AlertChannelTests.Constructor_WithValidConfiguration_InitializesCorrectly" methodname="Constructor_WithValidConfiguration_InitializesCorrectly" classname="AhBearStudios.Core.Tests.Alerting.Unit.AlertChannelTests" runstate="Runnable" seed="1275727197" result="Passed" start-time="2025-09-25 13:35:30Z" end-time="2025-09-25 13:35:30Z" duration="0.000210" asserts="0">
                    <properties>
                      <property name="retryIteration" value="0" />
                      <property name="repeatIteration" value="0" />
                    </properties>
                  </test-case>
                  <test-case id="1091" name="Constructor_WithValidLogSettings_InitializesCorrectly" fullname="AhBearStudios.Core.Tests.Alerting.Unit.AlertChannelTests.Constructor_WithValidLogSettings_InitializesCorrectly" methodname="Constructor_WithValidLogSettings_InitializesCorrectly" classname="AhBearStudios.Core.Tests.Alerting.Unit.AlertChannelTests" runstate="Runnable" seed="1735561363" result="Passed" start-time="2025-09-25 13:35:30Z" end-time="2025-09-25 13:35:30Z" duration="0.000212" asserts="0">
                    <properties>
                      <property name="retryIteration" value="0" />
                      <property name="repeatIteration" value="0" />
                    </properties>
                  </test-case>
                  <test-case id="1087" name="Constructor_WithValidMemorySettings_InitializesCorrectly" fullname="AhBearStudios.Core.Tests.Alerting.Unit.AlertChannelTests.Constructor_WithValidMemorySettings_InitializesCorrectly" methodname="Constructor_WithValidMemorySettings_InitializesCorrectly" classname="AhBearStudios.Core.Tests.Alerting.Unit.AlertChannelTests" runstate="Runnable" seed="995272251" result="Passed" start-time="2025-09-25 13:35:30Z" end-time="2025-09-25 13:35:30Z" duration="0.000145" asserts="0">
                    <properties>
                      <property name="retryIteration" value="0" />
                      <property name="repeatIteration" value="0" />
                    </properties>
                  </test-case>
[...]
                    <properties>
                      <property name="retryIteration" value="0" />
                      <property name="repeatIteration" value="0" />
                    </properties>
                    <failure>
                      <message><![CDATA[System.NullReferenceException : Object reference not set to an instance of an object]]></message>
                      <stack-trace><![CDATA[  at NUnit.Framework.Internal.AsyncInvocationRegion+AsyncTaskInvocationRegion.WaitForPendingOperationsToComplete (System.Object invocationResult) [0x00016] in <f577cd9686154d6ab10efd7e65e64366>:0 
  at NUnit.Framework.Internal.Commands.TestMethodCommand.RunAsyncTestMethod (NUnit.Framework.Internal.ITestExecutionContext context) [0x00038] in <f577cd9686154d6ab10efd7e65e64366>:0 ]]></stack-trace>
                    </failure>
                  </test-case>
                  <test-case id="1028" name="FakeSerializationService_SerializeAsync_IsUnityTestRunnerCompatible" fullname="AhBearStudios.Core.Tests.Shared.TestDoubles.TestDoubleVerificationTests.FakeSerializationService_SerializeAsync_IsUnityTestRunnerCompatible" methodname="FakeSerializationService_SerializeAsync_IsUnityTestRunnerCompatible" classname="AhBearStudios.Core.Tests.Shared.TestDoubles.TestDoubleVerificationTests" runstate="Runnable" seed="1620317975" result="Failed" label="Error" start-time="2025-09-25 13:35:52Z" end-time="2025-09-25 13:35:52Z" duration="0.002197" asserts="0">
                    <properties>
                      <property name="retryIteration" value="0" />
                      <property name="repeatIteration" value="0" />
                    </properties>
                    <failure>
                      <message><![CDATA[System.NullReferenceException : Object reference not set to an instance of an object]]></message>
                      <stack-trace><![CDATA[  at NUnit.Framework.Internal.AsyncInvocationRegion+AsyncTaskInvocationRegion.WaitForPendingOperationsToComplete (System.Object invocationResult) [0x00016] in <f577cd9686154d6ab10efd7e65e64366>:0 
  at NUnit.Framework.Internal.Commands.TestMethodCommand.RunAsyncTestMethod (NUnit.Framework.Internal.ITestExecutionContext context) [0x00038] in <f577cd9686154d6ab10efd7e65e64366>:0 ]]></stack-trace>
                    </failure>
                  </test-case>
                  <test-case id="1027" name="FakeSerializationService_StoresAndRetrievesObjects_WithoutActualSerialization" fullname="AhBearStudios.Core.Tests.Shared.TestDoubles.TestDoubleVerificationTests.FakeSerializationService_StoresAndRetrievesObjects_WithoutActualSerialization" methodname="FakeSerializationService_StoresAndRetrievesObjects_WithoutActualSerialization" classname="AhBearStudios.Core.Tests.Shared.TestDoubles.TestDoubleVerificationTests" runstate="Runnable" seed="1528448966" result="Passed" start-time="2025-09-25 13:35:52Z" end-time="2025-09-25 13:35:52Z" duration="0.000403" asserts="0">
                    <properties>
                      <property name="retryIteration" value="0" />
                      <property name="repeatIteration" value="0" />
                    </properties>
                  </test-case>
                  <test-case id="1026" name="NullProfilerService_AllMethods_AreNoOp" fullname="AhBearStudios.Core.Tests.Shared.TestDoubles.TestDoubleVerificationTests.NullProfilerService_AllMethods_AreNoOp" methodname="NullProfilerService_AllMethods_AreNoOp" classname="AhBearStudios.Core.Tests.Shared.TestDoubles.TestDoubleVerificationTests" runstate="Runnable" seed="234107310" result="Passed" start-time="2025-09-25 13:35:52Z" end-time="2025-09-25 13:35:52Z" duration="0.000708" asserts="0">
                    <properties>
                      <property name="retryIteration" value="0" />
                      <property name="repeatIteration" value="0" />
                    </properties>
                  </test-case>
                  <test-case id="1025" name="NullProfilerService_HasZeroOverhead" fullname="AhBearStudios.Core.Tests.Shared.TestDoubles.TestDoubleVerificationTests.NullProfilerService_HasZeroOverhead" methodname="NullProfilerService_HasZeroOverhead" classname="AhBearStudios.Core.Tests.Shared.TestDoubles.TestDoubleVerificationTests" runstate="Runnable" seed="409817651" result="Passed" start-time="2025-09-25 13:35:52Z" end-time="2025-09-25 13:35:52Z" duration="0.000583" asserts="0">
                    <properties>
                      <property name="retryIteration" value="0" />
                      <property name="repeatIteration" value="0" />
                    </properties>
                  </test-case>
                  <test-case id="1015" name="SpyMessageBusService_CreateScope_ReturnsSpyScope" fullname="AhBearStudios.Core.Tests.Shared.TestDoubles.TestDoubleVerificationTests.SpyMessageBusService_CreateScope_ReturnsSpyScope" methodname="SpyMessageBusService_CreateScope_ReturnsSpyScope" classname="AhBearStudios.Core.Tests.Shared.TestDoubles.TestDoubleVerificationTests" runstate="Runnable" seed="2053829466" result="Passed" start-time="2025-09-25 13:35:52Z" end-time="2025-09-25 13:35:52Z" duration="0.000266" asserts="0">
                    <properties>
                      <property name="retryIteration" value="0" />
                      <property name="repeatIteration" value="0" />
                    </properties>
                  </test-case>
                  <test-case id="1016" name="SpyMessageBusService_FilteredSubscription_RecordsFilterDetails" fullname="AhBearStudios.Core.Tests.Shared.TestDoubles.TestDoubleVerificationTests.SpyMessageBusService_FilteredSubscription_RecordsFilterDetails" methodname="SpyMessageBusService_FilteredSubscription_RecordsFilterDetails" classname="AhBearStudios.Core.Tests.Shared.TestDoubles.TestDoubleVerificationTests" runstate="Runnable" seed="160063031" result="Passed" start-time="2025-09-25 13:35:52Z" end-time="2025-09-25 13:35:52Z" duration="0.000792" asserts="0">
                    <properties>
                      <property name="retryIteration" value="0" />
                      <property name="repeatIteration" value="0" />
                    </properties>
                  </test-case>
                  <test-case id="1014" name="SpyMessageBusService_GetPublisher_ReturnsSpyImplementation" fullname="AhBearStudios.Core.Tests.Shared.TestDoubles.TestDoubleVerificationTests.SpyMessageBusService_GetPublisher_ReturnsSpyImplementation" methodname="SpyMessageBusService_GetPublisher_ReturnsSpyImplementation" classname="AhBearStudios.Core.Tests.Shared.TestDoubles.TestDoubleVerificationTests" runstate="Runnable" seed="906093534" result="Passed" start-time="2025-09-25 13:35:52Z" end-time="2025-09-25 13:35:52Z" duration="0.000955" asserts="0">
                    <properties>
                      <property name="retryIteration" value="0" />
                      <property name="repeatIteration" value="0" />
                    </properties>
                  </test-case>
                  <test-case id="1017" name="SpyMessageBusService_GetPublisher_ReturnsSpyPublisher" fullname="AhBearStudios.Core.Tests.Shared.TestDoubles.TestDoubleVerificationTests.SpyMessageBusService_GetPublisher_ReturnsSpyPublisher" methodname="SpyMessageBusService_GetPublisher_ReturnsSpyPublisher" classname="AhBearStudios.Core.Tests.Shared.TestDoubles.TestDoubleVerificationTests" runstate="Runnable" seed="457890021" result="Failed" start-time="2025-09-25 13:35:52Z" end-time="2025-09-25 13:35:52Z" duration="0.000392" asserts="0">
                    <properties>
                      <property name="retryIteration" value="0" />
                      <property name="repeatIteration" value="0" />
                    </properties>
                    <failure>
                      <message><![CDATA[  Expected: False
  But was:  True
]]></message>
                      <stack-trace><![CDATA[at AhBearStudios.Core.Tests.Shared.TestDoubles.TestDoubleVerificationTests.SpyMessageBusService_GetPublisher_ReturnsSpyPublisher () [0x000ad] in D:\Unity\AhBearStudios_Dev2\Assets\com.ahbearstudios.core.tests\Shared\TestDoubles\TestDoubleVerificationTests.cs:233
]]></stack-trace>
                    </failure>
                  </test-case>
                  <test-case id="1019" name="SpyMessageBusService_GetStatistics_ReturnsMessageBusStatistics" fullname="AhBearStudios.Core.Tests.Shared.TestDoubles.TestDoubleVerificationTests.SpyMessageBusService_GetStatistics_ReturnsMessageBusStatistics" methodname="SpyMessageBusService_GetStatistics_ReturnsMessageBusStatistics" classname="AhBearStudios.Core.Tests.Shared.TestDoubles.TestDoubleVerificationTests" runstate="Runnable" seed="720200620" result="Passed" start-time="2025-09-25 13:35:52Z" end-time="2025-09-25 13:35:52Z" duration="0.000972" asserts="0">
                    <properties>
                      <property name="retryIteration" value="0" />
                      <property name="repeatIteration" value="0" />
                    </properties>
                  </test-case>
                  <test-case id="1018" name="SpyMessageBusService_GetSubscriber_ReturnsSpySubscriber" fullname="AhBearStudios.Core.Tests.Shared.TestDoubles.TestDoubleVerificationTests.SpyMessageBusService_GetSubscriber_ReturnsSpySubscriber" methodname="SpyMessageBusService_GetSubscriber_ReturnsSpySubscriber" classname="AhBearStudios.Core.Tests.Shared.TestDoubles.TestDoubleVerificationTests" runstate="Runnable" seed="200016513" result="Passed" start-time="2025-09-25 13:35:52Z" end-time="2025-09-25 13:35:52Z" duration="0.000452" asserts="0">
                    <properties>
                      <property name="retryIteration" value="0" />
                      <property name="repeatIteration" value="0" />
                    </properties>
                  </test-case>
                  <test-case id="1012" name="SpyMessageBusService_PublishAsync_IsUnityTestRunnerCompatible" fullname="AhBearStudios.Core.Tests.Shared.TestDoubles.TestDoubleVerificationTests.SpyMessageBusService_PublishAsync_IsUnityTestRunnerCompatible" methodname="SpyMessageBusService_PublishAsync_IsUnityTestRunnerCompatible" classname="AhBearStudios.Core.Tests.Shared.TestDoubles.TestDoubleVerificationTests" runstate="Runnable" seed="535247524" result="Failed" label="Error" start-time="2025-09-25 13:35:52Z" end-time="2025-09-25 13:35:52Z" duration="0.001046" asserts="0">
                    <properties>
                      <property name="retryIteration" value="0" />
                      <property name="repeatIteration" value="0" />
                    </properties>
                    <failure>
                      <message><![CDATA[System.NullReferenceException : Object reference not set to an instance of an object]]></message>
                      <stack-trace><![CDATA[  at NUnit.Framework.Internal.AsyncInvocationRegion+AsyncTaskInvocationRegion.WaitForPendingOperationsToComplete (System.Object invocationResult) [0x00016] in <f577cd9686154d6ab10efd7e65e64366>:0 
  at NUnit.Framework.Internal.Commands.TestMethodCommand.RunAsyncTestMethod (NUnit.Framework.Internal.ITestExecutionContext context) [0x00038] in <f577cd9686154d6ab10efd7e65e64366>:0 ]]></stack-trace>
                    </failure>
                  </test-case>
                  <test-case id="1011" name="SpyMessageBusService_RecordsPublishedMessages_WithoutRouting" fullname="AhBearStudios.Core.Tests.Shared.TestDoubles.TestDoubleVerificationTests.SpyMessageBusService_RecordsPublishedMessages_WithoutRouting" methodname="SpyMessageBusService_RecordsPublishedMessages_WithoutRouting" classname="AhBearStudios.Core.Tests.Shared.TestDoubles.TestDoubleVerificationTests" runstate="Runnable" seed="190797138" result="Passed" start-time="2025-09-25 13:35:52Z" end-time="2025-09-25 13:35:52Z" duration="0.002174" asserts="0">
                    <properties>
                      <property name="retryIteration" value="0" />
                      <property name="repeatIteration" value="0" />
                    </properties>
                  </test-case>
                  <test-case id="1013" name="SpyMessageBusService_Subscribe_RecordsSubscriptions" fullname="AhBearStudios.Core.Tests.Shared.TestDoubles.TestDoubleVerificationTests.SpyMessageBusService_Subscribe_RecordsSubscriptions" methodname="SpyMessageBusService_Subscribe_RecordsSubscriptions" classname="AhBearStudios.Core.Tests.Shared.TestDoubles.TestDoubleVerificationTests" runstate="Runnable" seed="201382993" result="Passed" start-time="2025-09-25 13:35:52Z" end-time="2025-09-25 13:35:52Z" duration="0.000548" asserts="0">
                    <properties>
                      <property name="retryIteration" value="0" />
                      <property name="repeatIteration" value="0" />
                    </properties>
                  </test-case>
                  <test-case id="1024" name="StubHealthCheckService_ConfigureResults_ReturnsConfiguredValues" fullname="AhBearStudios.Core.Tests.Shared.TestDoubles.TestDoubleVerificationTests.StubHealthCheckService_ConfigureResults_ReturnsConfiguredValues" methodname="StubHealthCheckService_ConfigureResults_ReturnsConfiguredValues" classname="AhBearStudios.Core.Tests.Shared.TestDoubles.TestDoubleVerificationTests" runstate="Runnable" seed="1630572478" result="Passed" start-time="2025-09-25 13:35:52Z" end-time="2025-09-25 13:35:52Z" duration="0.001868" asserts="0">
                    <properties>
                      <property name="retryIteration" value="0" />
                      <property name="repeatIteration" value="0" />
                    </properties>
                  </test-case>
                  <test-case id="1023" name="StubHealthCheckService_ExecuteAsync_IsUnityTestRunnerCompatible" fullname="AhBearStudios.Core.Tests.Shared.TestDoubles.TestDoubleVerificationTests.StubHealthCheckService_ExecuteAsync_IsUnityTestRunnerCompatible" methodname="StubHealthCheckService_ExecuteAsync_IsUnityTestRunnerCompatible" classname="AhBearStudios.Core.Tests.Shared.TestDoubles.TestDoubleVerificationTests" runstate="Runnable" seed="1458883151" result="Failed" label="Error" start-time="2025-09-25 13:35:52Z" end-time="2025-09-25 13:35:52Z" duration="0.001160" asserts="0">
                    <properties>
                      <property name="retryIteration" value="0" />
                      <property name="repeatIteration" value="0" />
                    </properties>
                    <failure>
                      <message><![CDATA[System.NullReferenceException : Object reference not set to an instance of an object]]></message>
                      <stack-trace><![CDATA[  at NUnit.Framework.Internal.AsyncInvocationRegion+AsyncTaskInvocationRegion.WaitForPendingOperationsToComplete (System.Object invocationResult) [0x00016] in <f577cd9686154d6ab10efd7e65e64366>:0 
  at NUnit.Framework.Internal.Commands.TestMethodCommand.RunAsyncTestMethod (NUnit.Framework.Internal.ITestExecutionContext context) [0x00038] in <f577cd9686154d6ab10efd7e65e64366>:0 ]]></stack-trace>
                    </failure>
                  </test-case>
                  <test-case id="1022" name="StubHealthCheckService_ReturnsConfiguredResults" fullname="AhBearStudios.Core.Tests.Shared.TestDoubles.TestDoubleVerificationTests.StubHealthCheckService_ReturnsConfiguredResults" methodname="StubHealthCheckService_ReturnsConfiguredResults" classname="AhBearStudios.Core.Tests.Shared.TestDoubles.TestDoubleVerificationTests" runstate="Runnable" seed="331754216" result="Passed" start-time="2025-09-25 13:35:52Z" end-time="2025-09-25 13:35:52Z" duration="0.000133" asserts="0">
                    <properties>
                      <property name="retryIteration" value="0" />
                      <property name="repeatIteration" value="0" />
                    </properties>
                  </test-case>
                  <test-case id="1009" name="StubLoggingService_BeginScope_ReturnsStubScope" fullname="AhBearStudios.Core.Tests.Shared.TestDoubles.TestDoubleVerificationTests.StubLoggingService_BeginScope_ReturnsStubScope" methodname="StubLoggingService_BeginScope_ReturnsStubScope" classname="AhBearStudios.Core.Tests.Shared.TestDoubles.TestDoubleVerificationTests" runstate="Runnable" seed="293384522" result="Passed" start-time="2025-09-25 13:35:52Z" end-time="2025-09-25 13:35:52Z" duration="0.000720" asserts="0">
                    <properties>
                      <property name="retryIteration" value="0" />
                      <property name="repeatIteration" value="0" />
                    </properties>
                  </test-case>
                  <test-case id="1008" name="StubLoggingService_ClearLogs_RemovesAllEntries" fullname="AhBearStudios.Core.Tests.Shared.TestDoubles.TestDoubleVerificationTests.StubLoggingService_ClearLogs_RemovesAllEntries" methodname="StubLoggingService_ClearLogs_RemovesAllEntries" classname="AhBearStudios.Core.Tests.Shared.TestDoubles.TestDoubleVerificationTests" runstate="Runnable" seed="1945620071" result="Passed" start-time="2025-09-25 13:35:52Z" end-time="2025-09-25 13:35:52Z" duration="0.000103" asserts="0">
                    <properties>
                      <property name="retryIteration" value="0" />
                      <property name="repeatIteration" value="0" />
                    </properties>
                  </test-case>
                  <test-case id="1010" name="StubLoggingService_HasErrorLogs_DetectsErrorLevel" fullname="AhBearStudios.Core.Tests.Shared.TestDoubles.TestDoubleVerificationTests.StubLoggingService_HasErrorLogs_DetectsErrorLevel" methodname="StubLoggingService_HasErrorLogs_DetectsErrorLevel" classname="AhBearStudios.Core.Tests.Shared.TestDoubles.TestDoubleVerificationTests" runstate="Runnable" seed="1109548340" result="Passed" start-time="2025-09-25 13:35:52Z" end-time="2025-09-25 13:35:52Z" duration="0.000285" asserts="0">
                    <properties>
                      <property name="retryIteration" value="0" />
                      <property name="repeatIteration" value="0" />
                    </properties>
                  </test-case>
                  <test-case id="1007" name="StubLoggingService_RecordsLogEntries_WithoutProcessingLogic" fullname="AhBearStudios.Core.Tests.Shared.TestDoubles.TestDoubleVerificationTests.StubLoggingService_RecordsLogEntries_WithoutProcessingLogic" methodname="StubLoggingService_RecordsLogEntries_WithoutProcessingLogic" classname="AhBearStudios.Core.Tests.Shared.TestDoubles.TestDoubleVerificationTests" runstate="Runnable" seed="1434211147" result="Passed" start-time="2025-09-25 13:35:52Z" end-time="2025-09-25 13:35:52Z" duration="0.000158" asserts="0">
                    <properties>
                      <property name="retryIteration" value="0" />
                      <property name="repeatIteration" value="0" />
                    </properties>
                  </test-case>
                  <test-case id="1031" name="TestDoubles_HaveMinimalPerformanceOverhead" fullname="AhBearStudios.Core.Tests.Shared.TestDoubles.TestDoubleVerificationTests.TestDoubles_HaveMinimalPerformanceOverhead" methodname="TestDoubles_HaveMinimalPerformanceOverhead" classname="AhBearStudios.Core.Tests.Shared.TestDoubles.TestDoubleVerificationTests" runstate="Runnable" seed="581517606" result="Passed" start-time="2025-09-25 13:35:52Z" end-time="2025-09-25 13:35:52Z" duration="0.043408" asserts="0">
                    <properties>
                      <property name="retryIteration" value="0" />
                      <property name="repeatIteration" value="0" />
                    </properties>
                    <output><![CDATA[Saving results to: C:/Users/garry/AppData/LocalLow/AhBear Studios/AhBearStudios_Dev2\TestResults.xml
]]></output>
                  </test-case>
                </test-suite>
              </test-suite>
            </test-suite>
          </test-suite>
        </test-suite>
      </test-suite>
    </test-suite>
  </test-suite>
</test-run>